00:00:00.004576 main     VirtualBox COM Server 6.1.16 r140961 win.amd64 (Oct 16 2020 16:33:17) release log
00:00:00.004580 main     Log opened 2021-05-22T18:33:08.229472700Z
00:00:00.004581 main     Build Type: release
00:00:00.004601 main     OS Product: Windows 10
00:00:00.004602 main     OS Release: 10.0.19042
00:00:00.004603 main     OS Service Pack: 
00:00:00.103896 main     DMI Product Name: ASUS TUF Gaming A15 FA506II_FA506II
00:00:00.123536 main     DMI Product Version: 1.0
00:00:00.123556 main     Firmware type: UEFI
00:00:00.123946 main     Secure Boot: VERR_PRIVILEGE_NOT_HELD
00:00:00.123975 main     Host RAM: 7599MB (7.4GB) total, 1755MB available
00:00:00.123980 main     Executable: C:\Program Files\Oracle\VirtualBox\VBoxSVC.exe
00:00:00.123981 main     Process ID: 26392
00:00:00.123983 main     Package type: WINDOWS_64BITS_GENERIC
00:00:01.210173          VirtualBox: object creation starts
00:00:01.210672          Home directory: 'C:\Users\Asus\.VirtualBox'
00:00:01.210880          Installed Drivers:
00:00:01.222254            C:\WINDOWS\system32\DRIVERS\VBoxNetLwf.sys (Version: 6.1.16.40961)
00:00:01.223482            C:\WINDOWS\system32\DRIVERS\VBoxUSBMon.sys (Version: 6.1.16.40961)
00:00:01.225547            C:\WINDOWS\system32\DRIVERS\VBoxDrv.sys (Version: 6.1.16.40961)
00:00:01.227273            C:\WINDOWS\system32\DRIVERS\VBoxNetAdp6.sys (Version: 6.1.16.40961)
00:00:01.232729          Loading settings file "C:\Users\Asus\.VirtualBox\VirtualBox.xml" with version "1.12-windows"
00:00:01.237088          usbLibGetDevices: Starting USB device enumeration
00:00:01.245748          Getting USB descriptor (id 0) failed (dwErr=31) on hub USB#ROOT_HUB30#5&11614a76&0&0#{f18a0e88-c30c-11d0-8815-00a0c906bed8} port 4
00:00:01.246064          Getting USB descriptor (id 0) failed (dwErr=31) on hub USB#ROOT_HUB30#5&3462ecd3&0&0#{f18a0e88-c30c-11d0-8815-00a0c906bed8} port 1
00:00:01.249251          usbLibGetDevices: Found 3 USB devices, 0 captured
00:00:01.249729          USB: Unknown USB device detected (idVendor: 0x04ca, idProduct: 0x4005)
00:00:01.249796          USB: Unknown USB device detected (idVendor: 0x13d3, idProduct: 0x56a2)
00:00:01.424553          netIfIsWireless: CreateFile on '\\.\{E32FA48C-9A5A-4F40-9439-01DC421F2FDC}' failed with rcWin=2 (0x2) - ignoring
00:00:01.425492          netIfIsWireless: CreateFile on '\\.\{65FDBF22-DDCF-4F0E-9F1B-F4EFCE842D58}' failed with rcWin=2 (0x2) - ignoring
00:00:01.429994          netIfIsWireless: CreateFile on '\\.\{5850E848-DEAB-41D3-B938-2AAEC0B84155}' failed with rcWin=2 (0x2) - ignoring
00:00:01.441008          HostDnsMonitor: initializing
00:00:01.457212          HostDnsMonitor: updating information
00:00:01.457349          HostDnsMonitor: old information
00:00:01.457351            no server entries
00:00:01.457352            no domain set
00:00:01.457353            no search string entries
00:00:01.457353          HostDnsMonitor: new information
00:00:01.457354            server 1: 172.20.10.1
00:00:01.457355            no domain set
00:00:01.457356            no search string entries
00:00:01.533804          VD: VDInit finished with VINF_SUCCESS
00:00:01.538573          Loading settings file "E:\Ubuntu20\Ubuntu20.vbox" with version "1.16-windows"
00:00:01.542107          Loading settings file "C:\Users\Asus\VirtualBox VMs\Kali-Linux\Kali-Linux.vbox" with version "1.16-windows"
00:00:01.543340          VirtualBox: object created
00:00:04.070297          Saving settings file "C:\Users\Asus\.VirtualBox\VirtualBox.xml" with version "1.12-windows"
00:00:04.077482          Saving settings file "C:\Users\Asus\.VirtualBox\VirtualBox.xml" with version "1.12-windows"
00:00:09.619504 main     VirtualBox: object deletion starts
00:00:09.619678 main     ERROR [COM]: aRC=VBOX_E_OBJECT_IN_USE (0x80bb000c) aIID={ad47ad09-787b-44ab-b343-a082a3f2dfb1} aComponent={MediumWrap} aText={Medium 'E:\Ubuntu20\Ubuntu20.vdi' cannot be closed because it is still attached to 1 virtual machines}, preserve=false aResultDetail=0
00:00:09.620883 main     ERROR [COM]: aRC=VBOX_E_OBJECT_IN_USE (0x80bb000c) aIID={ad47ad09-787b-44ab-b343-a082a3f2dfb1} aComponent={MediumWrap} aText={Medium 'C:\Users\Asus\VirtualBox VMs\Kali-Linux\Kali-Linux.vdi' cannot be closed because it is still attached to 1 virtual machines}, preserve=false aResultDetail=0
00:00:09.622159 main     HostDnsMonitor: shutting down ...
00:00:09.622248 main     HostDnsMonitor: shut down
00:00:09.626389 Watcher  ERROR [COM]: aRC=E_ACCESSDENIED (0x80070005) aIID={d0a0163f-e254-4e5b-a1f2-011cf991c38d} aComponent={VirtualBoxWrap} aText={The object is not ready}, preserve=false aResultDetail=0
00:00:09.626780 main     VirtualBox: object deleted
